[0.181s] DEBUG:colcon:Command line arguments: ['/usr/bin/colcon', 'build']
[0.181s] DEBUG:colcon:Parsed command line arguments: Namespace(log_base=None, log_level=None, verb_name='build', build_base='build', install_base='install', merge_install=False, symlink_install=False, test_result_base=None, continue_on_error=False, executor='parallel', parallel_workers=4, event_handlers=None, ignore_user_meta=False, metas=['./colcon.meta'], base_paths=['.'], packages_ignore=None, packages_ignore_regex=None, paths=None, packages_up_to=None, packages_up_to_regex=None, packages_above=None, packages_above_and_dependencies=None, packages_above_depth=None, packages_select_by_dep=None, packages_skip_by_dep=None, packages_skip_up_to=None, packages_select_build_failed=False, packages_skip_build_finished=False, packages_select_test_failures=False, packages_skip_test_passed=False, packages_select=None, packages_skip=None, packages_select_regex=None, packages_skip_regex=None, packages_start=None, packages_end=None, allow_overriding=[], cmake_args=None, cmake_target=None, cmake_target_skip_unavailable=False, cmake_clean_cache=False, cmake_clean_first=False, cmake_force_configure=False, ament_cmake_args=None, catkin_cmake_args=None, catkin_skip_building_tests=False, mixin_files=None, mixin=None, verb_parser=<colcon_mixin.mixin.mixin_argument.MixinArgumentDecorator object at 0x758c96868e20>, verb_extension=<colcon_core.verb.build.BuildVerb object at 0x758c96868850>, main=<bound method BuildVerb.main of <colcon_core.verb.build.BuildVerb object at 0x758c96868850>>, mixin_verb=('build',))
[1.590s] Level 1:colcon.colcon_core.package_discovery:discover_packages(colcon_meta) check parameters
[1.590s] Level 1:colcon.colcon_core.package_discovery:discover_packages(recursive) check parameters
[1.590s] Level 1:colcon.colcon_core.package_discovery:discover_packages(ignore) check parameters
[1.590s] Level 1:colcon.colcon_core.package_discovery:discover_packages(path) check parameters
[1.590s] Level 1:colcon.colcon_core.package_discovery:discover_packages(colcon_meta) discover
[1.590s] Level 1:colcon.colcon_core.package_discovery:discover_packages(recursive) discover
[1.590s] INFO:colcon.colcon_core.package_discovery:Crawling recursively for packages in '/home/user/aleena_ws'
[1.591s] Level 1:colcon.colcon_core.package_identification:_identify(.) by extensions ['ignore', 'ignore_ament_install']
[1.591s] Level 1:colcon.colcon_core.package_identification:_identify(.) by extension 'ignore'
[1.591s] Level 1:colcon.colcon_core.package_identification:_identify(.) by extension 'ignore_ament_install'
[1.591s] Level 1:colcon.colcon_core.package_identification:_identify(.) by extensions ['colcon_pkg']
[1.591s] Level 1:colcon.colcon_core.package_identification:_identify(.) by extension 'colcon_pkg'
[1.591s] Level 1:colcon.colcon_core.package_identification:_identify(.) by extensions ['colcon_meta']
[1.591s] Level 1:colcon.colcon_core.package_identification:_identify(.) by extension 'colcon_meta'
[1.592s] Level 1:colcon.colcon_core.package_identification:_identify(.) by extensions ['ros']
[1.592s] Level 1:colcon.colcon_core.package_identification:_identify(.) by extension 'ros'
[1.613s] Level 1:colcon.colcon_core.package_identification:_identify(.) by extensions ['cmake', 'python']
[1.613s] Level 1:colcon.colcon_core.package_identification:_identify(.) by extension 'cmake'
[1.613s] Level 1:colcon.colcon_core.package_identification:_identify(.) by extension 'python'
[1.613s] Level 1:colcon.colcon_core.package_identification:_identify(.) by extensions ['python_setup_py']
[1.613s] Level 1:colcon.colcon_core.package_identification:_identify(.) by extension 'python_setup_py'
[1.613s] Level 1:colcon.colcon_core.package_identification:_identify(build) by extensions ['ignore', 'ignore_ament_install']
[1.613s] Level 1:colcon.colcon_core.package_identification:_identify(build) by extension 'ignore'
[1.613s] Level 1:colcon.colcon_core.package_identification:_identify(build) ignored
[1.614s] Level 1:colcon.colcon_core.package_identification:_identify(install) by extensions ['ignore', 'ignore_ament_install']
[1.614s] Level 1:colcon.colcon_core.package_identification:_identify(install) by extension 'ignore'
[1.614s] Level 1:colcon.colcon_core.package_identification:_identify(install) ignored
[1.614s] Level 1:colcon.colcon_core.package_identification:_identify(log) by extensions ['ignore', 'ignore_ament_install']
[1.614s] Level 1:colcon.colcon_core.package_identification:_identify(log) by extension 'ignore'
[1.614s] Level 1:colcon.colcon_core.package_identification:_identify(log) ignored
[1.614s] Level 1:colcon.colcon_core.package_identification:_identify(src) by extensions ['ignore', 'ignore_ament_install']
[1.615s] Level 1:colcon.colcon_core.package_identification:_identify(src) by extension 'ignore'
[1.615s] Level 1:colcon.colcon_core.package_identification:_identify(src) by extension 'ignore_ament_install'
[1.615s] Level 1:colcon.colcon_core.package_identification:_identify(src) by extensions ['colcon_pkg']
[1.615s] Level 1:colcon.colcon_core.package_identification:_identify(src) by extension 'colcon_pkg'
[1.615s] Level 1:colcon.colcon_core.package_identification:_identify(src) by extensions ['colcon_meta']
[1.615s] Level 1:colcon.colcon_core.package_identification:_identify(src) by extension 'colcon_meta'
[1.615s] Level 1:colcon.colcon_core.package_identification:_identify(src) by extensions ['ros']
[1.615s] Level 1:colcon.colcon_core.package_identification:_identify(src) by extension 'ros'
[1.615s] Level 1:colcon.colcon_core.package_identification:_identify(src) by extensions ['cmake', 'python']
[1.615s] Level 1:colcon.colcon_core.package_identification:_identify(src) by extension 'cmake'
[1.615s] Level 1:colcon.colcon_core.package_identification:_identify(src) by extension 'python'
[1.615s] Level 1:colcon.colcon_core.package_identification:_identify(src) by extensions ['python_setup_py']
[1.615s] Level 1:colcon.colcon_core.package_identification:_identify(src) by extension 'python_setup_py'
[1.616s] Level 1:colcon.colcon_core.package_identification:_identify(src/arms) by extensions ['ignore', 'ignore_ament_install']
[1.616s] Level 1:colcon.colcon_core.package_identification:_identify(src/arms) by extension 'ignore'
[1.616s] Level 1:colcon.colcon_core.package_identification:_identify(src/arms) by extension 'ignore_ament_install'
[1.616s] Level 1:colcon.colcon_core.package_identification:_identify(src/arms) by extensions ['colcon_pkg']
[1.616s] Level 1:colcon.colcon_core.package_identification:_identify(src/arms) by extension 'colcon_pkg'
[1.616s] Level 1:colcon.colcon_core.package_identification:_identify(src/arms) by extensions ['colcon_meta']
[1.616s] Level 1:colcon.colcon_core.package_identification:_identify(src/arms) by extension 'colcon_meta'
[1.616s] Level 1:colcon.colcon_core.package_identification:_identify(src/arms) by extensions ['ros']
[1.616s] Level 1:colcon.colcon_core.package_identification:_identify(src/arms) by extension 'ros'
[1.620s] DEBUG:colcon.colcon_core.package_identification:Package 'src/arms' with type 'ros.ament_cmake' and name 'arms'
[1.620s] Level 1:colcon.colcon_core.package_identification:_identify(src/lidar) by extensions ['ignore', 'ignore_ament_install']
[1.621s] Level 1:colcon.colcon_core.package_identification:_identify(src/lidar) by extension 'ignore'
[1.621s] Level 1:colcon.colcon_core.package_identification:_identify(src/lidar) by extension 'ignore_ament_install'
[1.621s] Level 1:colcon.colcon_core.package_identification:_identify(src/lidar) by extensions ['colcon_pkg']
[1.621s] Level 1:colcon.colcon_core.package_identification:_identify(src/lidar) by extension 'colcon_pkg'
[1.621s] Level 1:colcon.colcon_core.package_identification:_identify(src/lidar) by extensions ['colcon_meta']
[1.621s] Level 1:colcon.colcon_core.package_identification:_identify(src/lidar) by extension 'colcon_meta'
[1.621s] Level 1:colcon.colcon_core.package_identification:_identify(src/lidar) by extensions ['ros']
[1.621s] Level 1:colcon.colcon_core.package_identification:_identify(src/lidar) by extension 'ros'
[1.622s] DEBUG:colcon.colcon_core.package_identification:Package 'src/lidar' with type 'ros.ament_cmake' and name 'lidar'
[1.623s] Level 1:colcon.colcon_core.package_identification:_identify(src/wheels) by extensions ['ignore', 'ignore_ament_install']
[1.623s] Level 1:colcon.colcon_core.package_identification:_identify(src/wheels) by extension 'ignore'
[1.623s] Level 1:colcon.colcon_core.package_identification:_identify(src/wheels) by extension 'ignore_ament_install'
[1.623s] Level 1:colcon.colcon_core.package_identification:_identify(src/wheels) by extensions ['colcon_pkg']
[1.623s] Level 1:colcon.colcon_core.package_identification:_identify(src/wheels) by extension 'colcon_pkg'
[1.623s] Level 1:colcon.colcon_core.package_identification:_identify(src/wheels) by extensions ['colcon_meta']
[1.623s] Level 1:colcon.colcon_core.package_identification:_identify(src/wheels) by extension 'colcon_meta'
[1.623s] Level 1:colcon.colcon_core.package_identification:_identify(src/wheels) by extensions ['ros']
[1.623s] Level 1:colcon.colcon_core.package_identification:_identify(src/wheels) by extension 'ros'
[1.625s] DEBUG:colcon.colcon_core.package_identification:Package 'src/wheels' with type 'ros.ament_cmake' and name 'wheels'
[1.625s] Level 1:colcon.colcon_core.package_discovery:discover_packages(recursive) using defaults
[1.625s] Level 1:colcon.colcon_core.package_discovery:discover_packages(ignore) discover
[1.625s] Level 1:colcon.colcon_core.package_discovery:discover_packages(ignore) using defaults
[1.625s] Level 1:colcon.colcon_core.package_discovery:discover_packages(path) discover
[1.625s] Level 1:colcon.colcon_core.package_discovery:discover_packages(path) using defaults
[1.672s] Level 1:colcon.colcon_core.package_discovery:discover_packages(prefix_path) check parameters
[1.672s] Level 1:colcon.colcon_core.package_discovery:discover_packages(prefix_path) discover
[1.712s] DEBUG:colcon.colcon_installed_package_information.package_discovery:Found 273 installed packages in /opt/ros/humble
[1.714s] Level 1:colcon.colcon_core.package_discovery:discover_packages(prefix_path) using defaults
[1.776s] Level 5:colcon.colcon_core.verb:set package 'arms' build argument 'cmake_args' from command line to 'None'
[1.777s] Level 5:colcon.colcon_core.verb:set package 'arms' build argument 'cmake_target' from command line to 'None'
[1.777s] Level 5:colcon.colcon_core.verb:set package 'arms' build argument 'cmake_target_skip_unavailable' from command line to 'False'
[1.777s] Level 5:colcon.colcon_core.verb:set package 'arms' build argument 'cmake_clean_cache' from command line to 'False'
[1.777s] Level 5:colcon.colcon_core.verb:set package 'arms' build argument 'cmake_clean_first' from command line to 'False'
[1.777s] Level 5:colcon.colcon_core.verb:set package 'arms' build argument 'cmake_force_configure' from command line to 'False'
[1.777s] Level 5:colcon.colcon_core.verb:set package 'arms' build argument 'ament_cmake_args' from command line to 'None'
[1.777s] Level 5:colcon.colcon_core.verb:set package 'arms' build argument 'catkin_cmake_args' from command line to 'None'
[1.777s] Level 5:colcon.colcon_core.verb:set package 'arms' build argument 'catkin_skip_building_tests' from command line to 'False'
[1.777s] DEBUG:colcon.colcon_core.verb:Building package 'arms' with the following arguments: {'ament_cmake_args': None, 'build_base': '/home/user/aleena_ws/build/arms', 'catkin_cmake_args': None, 'catkin_skip_building_tests': False, 'cmake_args': None, 'cmake_clean_cache': False, 'cmake_clean_first': False, 'cmake_force_configure': False, 'cmake_target': None, 'cmake_target_skip_unavailable': False, 'install_base': '/home/user/aleena_ws/install/arms', 'merge_install': False, 'path': '/home/user/aleena_ws/src/arms', 'symlink_install': False, 'test_result_base': None}
[1.778s] Level 5:colcon.colcon_core.verb:set package 'lidar' build argument 'cmake_args' from command line to 'None'
[1.778s] Level 5:colcon.colcon_core.verb:set package 'lidar' build argument 'cmake_target' from command line to 'None'
[1.778s] Level 5:colcon.colcon_core.verb:set package 'lidar' build argument 'cmake_target_skip_unavailable' from command line to 'False'
[1.778s] Level 5:colcon.colcon_core.verb:set package 'lidar' build argument 'cmake_clean_cache' from command line to 'False'
[1.778s] Level 5:colcon.colcon_core.verb:set package 'lidar' build argument 'cmake_clean_first' from command line to 'False'
[1.778s] Level 5:colcon.colcon_core.verb:set package 'lidar' build argument 'cmake_force_configure' from command line to 'False'
[1.778s] Level 5:colcon.colcon_core.verb:set package 'lidar' build argument 'ament_cmake_args' from command line to 'None'
[1.778s] Level 5:colcon.colcon_core.verb:set package 'lidar' build argument 'catkin_cmake_args' from command line to 'None'
[1.778s] Level 5:colcon.colcon_core.verb:set package 'lidar' build argument 'catkin_skip_building_tests' from command line to 'False'
[1.778s] DEBUG:colcon.colcon_core.verb:Building package 'lidar' with the following arguments: {'ament_cmake_args': None, 'build_base': '/home/user/aleena_ws/build/lidar', 'catkin_cmake_args': None, 'catkin_skip_building_tests': False, 'cmake_args': None, 'cmake_clean_cache': False, 'cmake_clean_first': False, 'cmake_force_configure': False, 'cmake_target': None, 'cmake_target_skip_unavailable': False, 'install_base': '/home/user/aleena_ws/install/lidar', 'merge_install': False, 'path': '/home/user/aleena_ws/src/lidar', 'symlink_install': False, 'test_result_base': None}
[1.779s] Level 5:colcon.colcon_core.verb:set package 'wheels' build argument 'cmake_args' from command line to 'None'
[1.779s] Level 5:colcon.colcon_core.verb:set package 'wheels' build argument 'cmake_target' from command line to 'None'
[1.779s] Level 5:colcon.colcon_core.verb:set package 'wheels' build argument 'cmake_target_skip_unavailable' from command line to 'False'
[1.779s] Level 5:colcon.colcon_core.verb:set package 'wheels' build argument 'cmake_clean_cache' from command line to 'False'
[1.779s] Level 5:colcon.colcon_core.verb:set package 'wheels' build argument 'cmake_clean_first' from command line to 'False'
[1.779s] Level 5:colcon.colcon_core.verb:set package 'wheels' build argument 'cmake_force_configure' from command line to 'False'
[1.779s] Level 5:colcon.colcon_core.verb:set package 'wheels' build argument 'ament_cmake_args' from command line to 'None'
[1.779s] Level 5:colcon.colcon_core.verb:set package 'wheels' build argument 'catkin_cmake_args' from command line to 'None'
[1.779s] Level 5:colcon.colcon_core.verb:set package 'wheels' build argument 'catkin_skip_building_tests' from command line to 'False'
[1.779s] DEBUG:colcon.colcon_core.verb:Building package 'wheels' with the following arguments: {'ament_cmake_args': None, 'build_base': '/home/user/aleena_ws/build/wheels', 'catkin_cmake_args': None, 'catkin_skip_building_tests': False, 'cmake_args': None, 'cmake_clean_cache': False, 'cmake_clean_first': False, 'cmake_force_configure': False, 'cmake_target': None, 'cmake_target_skip_unavailable': False, 'install_base': '/home/user/aleena_ws/install/wheels', 'merge_install': False, 'path': '/home/user/aleena_ws/src/wheels', 'symlink_install': False, 'test_result_base': None}
[1.779s] INFO:colcon.colcon_core.executor:Executing jobs using 'parallel' executor
[1.780s] DEBUG:colcon.colcon_parallel_executor.executor.parallel:run_until_complete
[1.781s] INFO:colcon.colcon_ros.task.ament_cmake.build:Building ROS package in '/home/user/aleena_ws/src/arms' with build type 'ament_cmake'
[1.781s] INFO:colcon.colcon_cmake.task.cmake.build:Building CMake package in '/home/user/aleena_ws/src/arms'
[1.784s] INFO:colcon.colcon_core.plugin_system:Skipping extension 'colcon_core.shell.bat': Not used on non-Windows systems
[1.785s] INFO:colcon.colcon_core.shell:Skip shell extension 'powershell' for command environment: Not usable outside of PowerShell
[1.785s] DEBUG:colcon.colcon_core.shell:Skip shell extension 'dsv' for command environment
[1.789s] INFO:colcon.colcon_ros.task.ament_cmake.build:Building ROS package in '/home/user/aleena_ws/src/lidar' with build type 'ament_cmake'
[1.790s] INFO:colcon.colcon_cmake.task.cmake.build:Building CMake package in '/home/user/aleena_ws/src/lidar'
[1.790s] INFO:colcon.colcon_core.shell:Skip shell extension 'powershell' for command environment: Not usable outside of PowerShell
[1.790s] DEBUG:colcon.colcon_core.shell:Skip shell extension 'dsv' for command environment
[1.796s] INFO:colcon.colcon_ros.task.ament_cmake.build:Building ROS package in '/home/user/aleena_ws/src/wheels' with build type 'ament_cmake'
[1.796s] INFO:colcon.colcon_cmake.task.cmake.build:Building CMake package in '/home/user/aleena_ws/src/wheels'
[1.797s] INFO:colcon.colcon_core.shell:Skip shell extension 'powershell' for command environment: Not usable outside of PowerShell
[1.798s] DEBUG:colcon.colcon_core.shell:Skip shell extension 'dsv' for command environment
[1.812s] DEBUG:colcon.colcon_core.event_handler.log_command:Invoking command in '/home/user/aleena_ws/build/arms': CMAKE_PREFIX_PATH=/opt/ros/humble /usr/bin/cmake /home/user/aleena_ws/src/arms -DCMAKE_INSTALL_PREFIX=/home/user/aleena_ws/install/arms
[1.823s] DEBUG:colcon.colcon_core.event_handler.log_command:Invoking command in '/home/user/aleena_ws/build/lidar': CMAKE_PREFIX_PATH=/opt/ros/humble /usr/bin/cmake /home/user/aleena_ws/src/lidar -DCMAKE_INSTALL_PREFIX=/home/user/aleena_ws/install/lidar
[1.829s] DEBUG:colcon.colcon_core.event_handler.log_command:Invoking command in '/home/user/aleena_ws/build/wheels': CMAKE_PREFIX_PATH=/opt/ros/humble /usr/bin/cmake /home/user/aleena_ws/src/wheels -DCMAKE_INSTALL_PREFIX=/home/user/aleena_ws/install/wheels
[6.728s] DEBUG:colcon.colcon_core.event_handler.log_command:Invoked command in '/home/user/aleena_ws/build/lidar' returned '0': CMAKE_PREFIX_PATH=/opt/ros/humble /usr/bin/cmake /home/user/aleena_ws/src/lidar -DCMAKE_INSTALL_PREFIX=/home/user/aleena_ws/install/lidar
[6.733s] DEBUG:colcon.colcon_core.event_handler.log_command:Invoking command in '/home/user/aleena_ws/build/lidar': CMAKE_PREFIX_PATH=/opt/ros/humble /usr/bin/cmake --build /home/user/aleena_ws/build/lidar -- -j4 -l4
[6.736s] DEBUG:colcon.colcon_core.event_handler.log_command:Invoked command in '/home/user/aleena_ws/build/arms' returned '0': CMAKE_PREFIX_PATH=/opt/ros/humble /usr/bin/cmake /home/user/aleena_ws/src/arms -DCMAKE_INSTALL_PREFIX=/home/user/aleena_ws/install/arms
[6.739s] DEBUG:colcon.colcon_core.event_handler.log_command:Invoking command in '/home/user/aleena_ws/build/arms': CMAKE_PREFIX_PATH=/opt/ros/humble /usr/bin/cmake --build /home/user/aleena_ws/build/arms -- -j4 -l4
[6.744s] DEBUG:colcon.colcon_core.event_handler.log_command:Invoked command in '/home/user/aleena_ws/build/wheels' returned '0': CMAKE_PREFIX_PATH=/opt/ros/humble /usr/bin/cmake /home/user/aleena_ws/src/wheels -DCMAKE_INSTALL_PREFIX=/home/user/aleena_ws/install/wheels
[6.747s] DEBUG:colcon.colcon_core.event_handler.log_command:Invoking command in '/home/user/aleena_ws/build/wheels': CMAKE_PREFIX_PATH=/opt/ros/humble /usr/bin/cmake --build /home/user/aleena_ws/build/wheels -- -j4 -l4
[6.812s] DEBUG:colcon.colcon_core.event_handler.log_command:Invoked command in '/home/user/aleena_ws/build/lidar' returned '0': CMAKE_PREFIX_PATH=/opt/ros/humble /usr/bin/cmake --build /home/user/aleena_ws/build/lidar -- -j4 -l4
[6.828s] DEBUG:colcon.colcon_core.event_handler.log_command:Invoking command in '/home/user/aleena_ws/build/lidar': CMAKE_PREFIX_PATH=/opt/ros/humble /usr/bin/cmake --install /home/user/aleena_ws/build/lidar
[6.833s] DEBUG:colcon.colcon_core.event_handler.log_command:Invoked command in '/home/user/aleena_ws/build/arms' returned '0': CMAKE_PREFIX_PATH=/opt/ros/humble /usr/bin/cmake --build /home/user/aleena_ws/build/arms -- -j4 -l4
[6.836s] DEBUG:colcon.colcon_core.event_handler.log_command:Invoking command in '/home/user/aleena_ws/build/arms': CMAKE_PREFIX_PATH=/opt/ros/humble /usr/bin/cmake --install /home/user/aleena_ws/build/arms
[6.839s] DEBUG:colcon.colcon_core.event_handler.log_command:Invoked command in '/home/user/aleena_ws/build/wheels' returned '0': CMAKE_PREFIX_PATH=/opt/ros/humble /usr/bin/cmake --build /home/user/aleena_ws/build/wheels -- -j4 -l4
[6.844s] DEBUG:colcon.colcon_core.event_handler.log_command:Invoking command in '/home/user/aleena_ws/build/wheels': CMAKE_PREFIX_PATH=/opt/ros/humble /usr/bin/cmake --install /home/user/aleena_ws/build/wheels
[6.878s] Level 1:colcon.colcon_core.environment:create_environment_scripts_only(lidar)
[6.885s] DEBUG:colcon.colcon_core.event_handler.log_command:Invoked command in '/home/user/aleena_ws/build/lidar' returned '0': CMAKE_PREFIX_PATH=/opt/ros/humble /usr/bin/cmake --install /home/user/aleena_ws/build/lidar
[6.888s] Level 1:colcon.colcon_core.environment:checking '/home/user/aleena_ws/install/lidar' for CMake module files
[6.889s] Level 1:colcon.colcon_core.environment:checking '/home/user/aleena_ws/install/lidar' for CMake config files
[6.889s] Level 1:colcon.colcon_core.shell:create_environment_hook('lidar', 'cmake_prefix_path')
[6.890s] INFO:colcon.colcon_core.shell:Creating environment hook '/home/user/aleena_ws/install/lidar/share/lidar/hook/cmake_prefix_path.ps1'
[6.903s] INFO:colcon.colcon_core.shell:Creating environment descriptor '/home/user/aleena_ws/install/lidar/share/lidar/hook/cmake_prefix_path.dsv'
[6.909s] INFO:colcon.colcon_core.shell:Creating environment hook '/home/user/aleena_ws/install/lidar/share/lidar/hook/cmake_prefix_path.sh'
[6.911s] Level 1:colcon.colcon_core.environment:checking '/home/user/aleena_ws/install/lidar/lib'
[6.912s] Level 1:colcon.colcon_core.environment:checking '/home/user/aleena_ws/install/lidar/bin'
[6.912s] Level 1:colcon.colcon_core.environment:checking '/home/user/aleena_ws/install/lidar/lib/pkgconfig/lidar.pc'
[6.912s] Level 1:colcon.colcon_core.environment:checking '/home/user/aleena_ws/install/lidar/lib/python3.10/site-packages'
[6.913s] Level 1:colcon.colcon_core.environment:checking '/home/user/aleena_ws/install/lidar/bin'
[6.913s] INFO:colcon.colcon_core.shell:Creating package script '/home/user/aleena_ws/install/lidar/share/lidar/package.ps1'
[6.915s] INFO:colcon.colcon_core.shell:Creating package descriptor '/home/user/aleena_ws/install/lidar/share/lidar/package.dsv'
[6.916s] INFO:colcon.colcon_core.shell:Creating package script '/home/user/aleena_ws/install/lidar/share/lidar/package.sh'
[6.917s] INFO:colcon.colcon_core.shell:Creating package script '/home/user/aleena_ws/install/lidar/share/lidar/package.bash'
[6.919s] INFO:colcon.colcon_core.shell:Creating package script '/home/user/aleena_ws/install/lidar/share/lidar/package.zsh'
[6.920s] Level 1:colcon.colcon_core.environment:create_file_with_runtime_dependencies(/home/user/aleena_ws/install/lidar/share/colcon-core/packages/lidar)
[6.921s] Level 1:colcon.colcon_core.environment:create_environment_scripts_only(lidar)
[6.921s] Level 1:colcon.colcon_core.environment:checking '/home/user/aleena_ws/install/lidar' for CMake module files
[6.922s] Level 1:colcon.colcon_core.environment:checking '/home/user/aleena_ws/install/lidar' for CMake config files
[6.922s] Level 1:colcon.colcon_core.shell:create_environment_hook('lidar', 'cmake_prefix_path')
[6.923s] INFO:colcon.colcon_core.shell:Creating environment hook '/home/user/aleena_ws/install/lidar/share/lidar/hook/cmake_prefix_path.ps1'
[6.923s] INFO:colcon.colcon_core.shell:Creating environment descriptor '/home/user/aleena_ws/install/lidar/share/lidar/hook/cmake_prefix_path.dsv'
[6.924s] INFO:colcon.colcon_core.shell:Creating environment hook '/home/user/aleena_ws/install/lidar/share/lidar/hook/cmake_prefix_path.sh'
[6.925s] Level 1:colcon.colcon_core.environment:checking '/home/user/aleena_ws/install/lidar/lib'
[6.925s] Level 1:colcon.colcon_core.environment:checking '/home/user/aleena_ws/install/lidar/bin'
[6.925s] Level 1:colcon.colcon_core.environment:checking '/home/user/aleena_ws/install/lidar/lib/pkgconfig/lidar.pc'
[6.926s] Level 1:colcon.colcon_core.environment:checking '/home/user/aleena_ws/install/lidar/lib/python3.10/site-packages'
[6.926s] Level 1:colcon.colcon_core.environment:checking '/home/user/aleena_ws/install/lidar/bin'
[6.927s] INFO:colcon.colcon_core.shell:Creating package script '/home/user/aleena_ws/install/lidar/share/lidar/package.ps1'
[6.928s] INFO:colcon.colcon_core.shell:Creating package descriptor '/home/user/aleena_ws/install/lidar/share/lidar/package.dsv'
[6.929s] INFO:colcon.colcon_core.shell:Creating package script '/home/user/aleena_ws/install/lidar/share/lidar/package.sh'
[6.929s] INFO:colcon.colcon_core.shell:Creating package script '/home/user/aleena_ws/install/lidar/share/lidar/package.bash'
[6.930s] INFO:colcon.colcon_core.shell:Creating package script '/home/user/aleena_ws/install/lidar/share/lidar/package.zsh'
[6.931s] Level 1:colcon.colcon_core.environment:create_file_with_runtime_dependencies(/home/user/aleena_ws/install/lidar/share/colcon-core/packages/lidar)
[6.932s] Level 1:colcon.colcon_core.environment:create_environment_scripts_only(arms)
[6.933s] Level 1:colcon.colcon_core.environment:checking '/home/user/aleena_ws/install/arms' for CMake module files
[6.935s] DEBUG:colcon.colcon_core.event_handler.log_command:Invoked command in '/home/user/aleena_ws/build/arms' returned '0': CMAKE_PREFIX_PATH=/opt/ros/humble /usr/bin/cmake --install /home/user/aleena_ws/build/arms
[6.935s] Level 1:colcon.colcon_core.environment:checking '/home/user/aleena_ws/install/arms' for CMake config files
[6.935s] Level 1:colcon.colcon_core.shell:create_environment_hook('arms', 'cmake_prefix_path')
[6.936s] INFO:colcon.colcon_core.shell:Creating environment hook '/home/user/aleena_ws/install/arms/share/arms/hook/cmake_prefix_path.ps1'
[6.937s] INFO:colcon.colcon_core.shell:Creating environment descriptor '/home/user/aleena_ws/install/arms/share/arms/hook/cmake_prefix_path.dsv'
[6.937s] INFO:colcon.colcon_core.shell:Creating environment hook '/home/user/aleena_ws/install/arms/share/arms/hook/cmake_prefix_path.sh'
[6.938s] Level 1:colcon.colcon_core.environment:checking '/home/user/aleena_ws/install/arms/lib'
[6.938s] Level 1:colcon.colcon_core.environment:checking '/home/user/aleena_ws/install/arms/bin'
[6.939s] Level 1:colcon.colcon_core.environment:checking '/home/user/aleena_ws/install/arms/lib/pkgconfig/arms.pc'
[6.939s] Level 1:colcon.colcon_core.environment:checking '/home/user/aleena_ws/install/arms/lib/python3.10/site-packages'
[6.939s] Level 1:colcon.colcon_core.environment:checking '/home/user/aleena_ws/install/arms/bin'
[6.940s] INFO:colcon.colcon_core.shell:Creating package script '/home/user/aleena_ws/install/arms/share/arms/package.ps1'
[6.941s] INFO:colcon.colcon_core.shell:Creating package descriptor '/home/user/aleena_ws/install/arms/share/arms/package.dsv'
[6.942s] INFO:colcon.colcon_core.shell:Creating package script '/home/user/aleena_ws/install/arms/share/arms/package.sh'
[6.942s] INFO:colcon.colcon_core.shell:Creating package script '/home/user/aleena_ws/install/arms/share/arms/package.bash'
[6.943s] INFO:colcon.colcon_core.shell:Creating package script '/home/user/aleena_ws/install/arms/share/arms/package.zsh'
[6.944s] Level 1:colcon.colcon_core.environment:create_file_with_runtime_dependencies(/home/user/aleena_ws/install/arms/share/colcon-core/packages/arms)
[6.945s] Level 1:colcon.colcon_core.environment:create_environment_scripts_only(arms)
[6.945s] Level 1:colcon.colcon_core.environment:checking '/home/user/aleena_ws/install/arms' for CMake module files
[6.946s] Level 1:colcon.colcon_core.environment:checking '/home/user/aleena_ws/install/arms' for CMake config files
[6.946s] Level 1:colcon.colcon_core.shell:create_environment_hook('arms', 'cmake_prefix_path')
[6.946s] INFO:colcon.colcon_core.shell:Creating environment hook '/home/user/aleena_ws/install/arms/share/arms/hook/cmake_prefix_path.ps1'
[6.947s] INFO:colcon.colcon_core.shell:Creating environment descriptor '/home/user/aleena_ws/install/arms/share/arms/hook/cmake_prefix_path.dsv'
[6.948s] INFO:colcon.colcon_core.shell:Creating environment hook '/home/user/aleena_ws/install/arms/share/arms/hook/cmake_prefix_path.sh'
[6.950s] Level 1:colcon.colcon_core.environment:checking '/home/user/aleena_ws/install/arms/lib'
[6.950s] Level 1:colcon.colcon_core.environment:checking '/home/user/aleena_ws/install/arms/bin'
[6.950s] Level 1:colcon.colcon_core.environment:checking '/home/user/aleena_ws/install/arms/lib/pkgconfig/arms.pc'
[6.951s] Level 1:colcon.colcon_core.environment:checking '/home/user/aleena_ws/install/arms/lib/python3.10/site-packages'
[6.952s] Level 1:colcon.colcon_core.environment:checking '/home/user/aleena_ws/install/arms/bin'
[6.952s] INFO:colcon.colcon_core.shell:Creating package script '/home/user/aleena_ws/install/arms/share/arms/package.ps1'
[6.953s] INFO:colcon.colcon_core.shell:Creating package descriptor '/home/user/aleena_ws/install/arms/share/arms/package.dsv'
[6.954s] INFO:colcon.colcon_core.shell:Creating package script '/home/user/aleena_ws/install/arms/share/arms/package.sh'
[6.955s] INFO:colcon.colcon_core.shell:Creating package script '/home/user/aleena_ws/install/arms/share/arms/package.bash'
[6.955s] INFO:colcon.colcon_core.shell:Creating package script '/home/user/aleena_ws/install/arms/share/arms/package.zsh'
[6.956s] Level 1:colcon.colcon_core.environment:create_file_with_runtime_dependencies(/home/user/aleena_ws/install/arms/share/colcon-core/packages/arms)
[6.958s] Level 1:colcon.colcon_core.environment:create_environment_scripts_only(wheels)
[6.959s] Level 1:colcon.colcon_core.environment:checking '/home/user/aleena_ws/install/wheels' for CMake module files
[6.961s] DEBUG:colcon.colcon_core.event_handler.log_command:Invoked command in '/home/user/aleena_ws/build/wheels' returned '0': CMAKE_PREFIX_PATH=/opt/ros/humble /usr/bin/cmake --install /home/user/aleena_ws/build/wheels
[6.961s] Level 1:colcon.colcon_core.environment:checking '/home/user/aleena_ws/install/wheels' for CMake config files
[6.962s] Level 1:colcon.colcon_core.shell:create_environment_hook('wheels', 'cmake_prefix_path')
[6.962s] INFO:colcon.colcon_core.shell:Creating environment hook '/home/user/aleena_ws/install/wheels/share/wheels/hook/cmake_prefix_path.ps1'
[6.963s] INFO:colcon.colcon_core.shell:Creating environment descriptor '/home/user/aleena_ws/install/wheels/share/wheels/hook/cmake_prefix_path.dsv'
[6.963s] INFO:colcon.colcon_core.shell:Creating environment hook '/home/user/aleena_ws/install/wheels/share/wheels/hook/cmake_prefix_path.sh'
[6.964s] Level 1:colcon.colcon_core.environment:checking '/home/user/aleena_ws/install/wheels/lib'
[6.964s] Level 1:colcon.colcon_core.environment:checking '/home/user/aleena_ws/install/wheels/bin'
[6.965s] Level 1:colcon.colcon_core.environment:checking '/home/user/aleena_ws/install/wheels/lib/pkgconfig/wheels.pc'
[6.965s] Level 1:colcon.colcon_core.environment:checking '/home/user/aleena_ws/install/wheels/lib/python3.10/site-packages'
[6.965s] Level 1:colcon.colcon_core.environment:checking '/home/user/aleena_ws/install/wheels/bin'
[6.966s] INFO:colcon.colcon_core.shell:Creating package script '/home/user/aleena_ws/install/wheels/share/wheels/package.ps1'
[6.967s] INFO:colcon.colcon_core.shell:Creating package descriptor '/home/user/aleena_ws/install/wheels/share/wheels/package.dsv'
[6.968s] INFO:colcon.colcon_core.shell:Creating package script '/home/user/aleena_ws/install/wheels/share/wheels/package.sh'
[6.968s] INFO:colcon.colcon_core.shell:Creating package script '/home/user/aleena_ws/install/wheels/share/wheels/package.bash'
[6.969s] INFO:colcon.colcon_core.shell:Creating package script '/home/user/aleena_ws/install/wheels/share/wheels/package.zsh'
[6.970s] Level 1:colcon.colcon_core.environment:create_file_with_runtime_dependencies(/home/user/aleena_ws/install/wheels/share/colcon-core/packages/wheels)
[6.971s] Level 1:colcon.colcon_core.environment:create_environment_scripts_only(wheels)
[6.971s] Level 1:colcon.colcon_core.environment:checking '/home/user/aleena_ws/install/wheels' for CMake module files
[6.972s] Level 1:colcon.colcon_core.environment:checking '/home/user/aleena_ws/install/wheels' for CMake config files
[6.972s] Level 1:colcon.colcon_core.shell:create_environment_hook('wheels', 'cmake_prefix_path')
[6.972s] INFO:colcon.colcon_core.shell:Creating environment hook '/home/user/aleena_ws/install/wheels/share/wheels/hook/cmake_prefix_path.ps1'
[6.973s] INFO:colcon.colcon_core.shell:Creating environment descriptor '/home/user/aleena_ws/install/wheels/share/wheels/hook/cmake_prefix_path.dsv'
[6.974s] INFO:colcon.colcon_core.shell:Creating environment hook '/home/user/aleena_ws/install/wheels/share/wheels/hook/cmake_prefix_path.sh'
[6.974s] Level 1:colcon.colcon_core.environment:checking '/home/user/aleena_ws/install/wheels/lib'
[6.975s] Level 1:colcon.colcon_core.environment:checking '/home/user/aleena_ws/install/wheels/bin'
[6.975s] Level 1:colcon.colcon_core.environment:checking '/home/user/aleena_ws/install/wheels/lib/pkgconfig/wheels.pc'
[6.975s] Level 1:colcon.colcon_core.environment:checking '/home/user/aleena_ws/install/wheels/lib/python3.10/site-packages'
[6.976s] Level 1:colcon.colcon_core.environment:checking '/home/user/aleena_ws/install/wheels/bin'
[6.976s] INFO:colcon.colcon_core.shell:Creating package script '/home/user/aleena_ws/install/wheels/share/wheels/package.ps1'
[6.977s] INFO:colcon.colcon_core.shell:Creating package descriptor '/home/user/aleena_ws/install/wheels/share/wheels/package.dsv'
[6.978s] INFO:colcon.colcon_core.shell:Creating package script '/home/user/aleena_ws/install/wheels/share/wheels/package.sh'
[6.979s] INFO:colcon.colcon_core.shell:Creating package script '/home/user/aleena_ws/install/wheels/share/wheels/package.bash'
[6.981s] INFO:colcon.colcon_core.shell:Creating package script '/home/user/aleena_ws/install/wheels/share/wheels/package.zsh'
[6.982s] Level 1:colcon.colcon_core.environment:create_file_with_runtime_dependencies(/home/user/aleena_ws/install/wheels/share/colcon-core/packages/wheels)
[6.983s] DEBUG:colcon.colcon_parallel_executor.executor.parallel:closing loop
[6.984s] DEBUG:colcon.colcon_parallel_executor.executor.parallel:loop closed
[6.984s] DEBUG:colcon.colcon_parallel_executor.executor.parallel:run_until_complete finished with '0'
[6.984s] DEBUG:colcon.colcon_core.event_reactor:joining thread
[6.996s] INFO:colcon.colcon_core.plugin_system:Skipping extension 'colcon_notification.desktop_notification.terminal_notifier': Not used on non-Darwin systems
[6.996s] INFO:colcon.colcon_core.plugin_system:Skipping extension 'colcon_notification.desktop_notification.win32': Not used on non-Windows systems
[6.996s] INFO:colcon.colcon_notification.desktop_notification:Sending desktop notification using 'notify2'
[7.035s] DEBUG:colcon.colcon_core.event_reactor:joined thread
[7.036s] INFO:colcon.colcon_core.shell:Creating prefix script '/home/user/aleena_ws/install/local_setup.ps1'
[7.038s] INFO:colcon.colcon_core.shell:Creating prefix util module '/home/user/aleena_ws/install/_local_setup_util_ps1.py'
[7.043s] INFO:colcon.colcon_core.shell:Creating prefix chain script '/home/user/aleena_ws/install/setup.ps1'
[7.046s] INFO:colcon.colcon_core.shell:Creating prefix script '/home/user/aleena_ws/install/local_setup.sh'
[7.048s] INFO:colcon.colcon_core.shell:Creating prefix util module '/home/user/aleena_ws/install/_local_setup_util_sh.py'
[7.050s] INFO:colcon.colcon_core.shell:Creating prefix chain script '/home/user/aleena_ws/install/setup.sh'
[7.051s] INFO:colcon.colcon_core.shell:Creating prefix script '/home/user/aleena_ws/install/local_setup.bash'
[7.052s] INFO:colcon.colcon_core.shell:Creating prefix chain script '/home/user/aleena_ws/install/setup.bash'
[7.054s] INFO:colcon.colcon_core.shell:Creating prefix script '/home/user/aleena_ws/install/local_setup.zsh'
[7.055s] INFO:colcon.colcon_core.shell:Creating prefix chain script '/home/user/aleena_ws/install/setup.zsh'
