[0.018s] Invoking command in '/home/user/aleena_ws/build/arms': /usr/bin/cmake /home/user/aleena_ws/src/arms -DCMAKE_INSTALL_PREFIX=/home/user/aleena_ws/install/arms
[0.148s] -- The C compiler identification is GNU 11.4.0
[0.271s] -- The CXX compiler identification is GNU 11.4.0
[0.285s] -- Detecting C compiler ABI info
[0.437s] -- Detecting C compiler ABI info - done
[0.461s] -- Check for working C compiler: /usr/bin/cc - skipped
[0.462s] -- Detecting C compile features
[0.463s] -- Detecting C compile features - done
[0.470s] -- Detecting CXX compiler ABI info
[0.621s] -- Detecting CXX compiler ABI info - done
[0.650s] -- Check for working CXX compiler: /usr/bin/c++ - skipped
[0.654s] -- Detecting CXX compile features
[0.654s] -- Detecting CXX compile features - done
[0.676s] -- Configuring incomplete, errors occurred!
[0.676s] See also "/home/user/aleena_ws/build/arms/CMakeFiles/CMakeOutput.log".
[0.683s] [31mCMake Error at CMakeLists.txt:9 (find_package):
[0.683s]   By not providing "Findament_cmake.cmake" in CMAKE_MODULE_PATH this project
[0.683s]   has asked CMake to find a package configuration file provided by
[0.684s]   "ament_cmake", but CMake did not find one.
[0.684s] 
[0.684s]   Could not find a package configuration file provided by "ament_cmake" with
[0.685s]   any of the following names:
[0.686s] 
[0.687s]     ament_cmakeConfig.cmake
[0.688s]     ament_cmake-config.cmake
[0.688s] 
[0.689s]   Add the installation prefix of "ament_cmake" to CMAKE_PREFIX_PATH or set
[0.689s]   "ament_cmake_DIR" to a directory containing one of the above files.  If
[0.690s]   "ament_cmake" provides a separate development package or SDK, be sure it
[0.690s]   has been installed.
[0.691s] 
[0.691s] [0m
[0.696s] Invoked command in '/home/user/aleena_ws/build/arms' returned '1': /usr/bin/cmake /home/user/aleena_ws/src/arms -DCMAKE_INSTALL_PREFIX=/home/user/aleena_ws/install/arms
