[0.030s] Invoking command in '/home/user/aleena_ws/build/wheels': /usr/bin/cmake /home/user/aleena_ws/src/wheels -DCMAKE_INSTALL_PREFIX=/home/user/aleena_ws/install/wheels
[0.155s] -- The C compiler identification is GNU 11.4.0
[0.284s] -- The CXX compiler identification is GNU 11.4.0
[0.301s] -- Detecting C compiler ABI info
[0.436s] -- Detecting C compiler ABI info - done
[0.450s] -- Check for working C compiler: /usr/bin/cc - skipped
[0.450s] -- Detecting C compile features
[0.451s] -- Detecting C compile features - done
[0.457s] -- Detecting CXX compiler ABI info
[0.639s] -- Detecting CXX compiler ABI info - done
[0.652s] -- Check for working CXX compiler: /usr/bin/c++ - skipped
[0.653s] -- Detecting CXX compile features
[0.654s] -- Detecting CXX compile features - done
[0.670s] [31mCMake Error at CMakeLists.txt:9 (find_package):
[0.671s]   By not providing "Findament_cmake.cmake" in CMAKE_MODULE_PATH this project
[0.671s]   has asked CMake to find a package configuration file provided by
[0.671s]   "ament_cmake", but CMake did not find one.
[0.671s] 
[0.672s]   Could not find a package configuration file provided by "ament_cmake" with
[0.672s]   any of the following names:
[0.672s] 
[0.672s]     ament_cmakeConfig.cmake
[0.672s]     ament_cmake-config.cmake
[0.673s] 
[0.673s]   Add the installation prefix of "ament_cmake" to CMAKE_PREFIX_PATH or set
[0.683s]   "ament_cmake_DIR" to a directory containing one of the above files.  If
[0.684s]   "ament_cmake" provides a separate development package or SDK, be sure it
[0.684s]   has been installed.
[0.685s] 
[0.686s] [0m
[0.686s] -- Configuring incomplete, errors occurred!
[0.686s] See also "/home/user/aleena_ws/build/wheels/CMakeFiles/CMakeOutput.log".
[0.687s] Invoked command in '/home/user/aleena_ws/build/wheels' returned '1': /usr/bin/cmake /home/user/aleena_ws/src/wheels -DCMAKE_INSTALL_PREFIX=/home/user/aleena_ws/install/wheels
