[0.033s] Invoking command in '/home/user/aleena_ws/build/lidar': CMAKE_PREFIX_PATH=/opt/ros/humble /usr/bin/cmake /home/user/aleena_ws/src/lidar -DCMAKE_INSTALL_PREFIX=/home/user/aleena_ws/install/lidar
[0.375s] -- Found ament_cmake: 1.3.14 (/opt/ros/humble/share/ament_cmake/cmake)
[1.078s] -- Found Python3: /usr/bin/python3 (found version "3.10.12") found components: Interpreter 
[1.453s] -- Found rclcpp: 16.0.19 (/opt/ros/humble/share/rclcpp/cmake)
[1.879s] -- Found rosidl_generator_c: 3.1.8 (/opt/ros/humble/share/rosidl_generator_c/cmake)
[1.892s] -- Found rosidl_adapter: 3.1.8 (/opt/ros/humble/share/rosidl_adapter/cmake)
[1.916s] -- Found rosidl_generator_cpp: 3.1.8 (/opt/ros/humble/share/rosidl_generator_cpp/cmake)
[1.972s] -- Using all available rosidl_typesupport_c: rosidl_typesupport_fastrtps_c;rosidl_typesupport_introspection_c
[2.025s] -- Using all available rosidl_typesupport_cpp: rosidl_typesupport_fastrtps_cpp;rosidl_typesupport_introspection_cpp
[2.268s] -- Found rmw_implementation_cmake: 6.1.2 (/opt/ros/humble/share/rmw_implementation_cmake/cmake)
[2.290s] -- Found rmw_fastrtps_cpp: 6.2.10 (/opt/ros/humble/share/rmw_fastrtps_cpp/cmake)
[2.974s] -- Found OpenSSL: /usr/lib/x86_64-linux-gnu/libcrypto.so (found version "3.0.2")  
[3.124s] -- Found FastRTPS: /opt/ros/humble/include  
[3.212s] -- Using RMW implementation 'rmw_fastrtps_cpp' as default
[3.315s] -- Looking for pthread.h
[3.899s] -- Looking for pthread.h - found
[3.900s] -- Performing Test CMAKE_HAVE_LIBC_PTHREAD
[4.121s] -- Performing Test CMAKE_HAVE_LIBC_PTHREAD - Success
[4.123s] -- Found Threads: TRUE  
[4.292s] -- Found sensor_msgs: 4.9.1 (/opt/ros/humble/share/sensor_msgs/cmake)
[4.418s] -- Found cv_bridge: 3.2.1 (/opt/ros/humble/share/cv_bridge/cmake)
[4.577s] -- Found ament_lint_auto: 0.12.15 (/opt/ros/humble/share/ament_lint_auto/cmake)
[4.869s] -- Added test 'flake8' to check Python code syntax and style conventions
[4.877s] -- Added test 'lint_cmake' to check CMake code style
[4.878s] -- Added test 'pep257' to check Python code against some of the docstring style conventions in PEP 257
[4.881s] -- Added test 'xmllint' to check XML markup files
[4.893s] -- Configuring done
[4.914s] -- Generating done
[4.922s] -- Build files have been written to: /home/user/aleena_ws/build/lidar
[4.938s] Invoked command in '/home/user/aleena_ws/build/lidar' returned '0': CMAKE_PREFIX_PATH=/opt/ros/humble /usr/bin/cmake /home/user/aleena_ws/src/lidar -DCMAKE_INSTALL_PREFIX=/home/user/aleena_ws/install/lidar
[4.942s] Invoking command in '/home/user/aleena_ws/build/lidar': CMAKE_PREFIX_PATH=/opt/ros/humble /usr/bin/cmake --build /home/user/aleena_ws/build/lidar -- -j4 -l4
[5.021s] Invoked command in '/home/user/aleena_ws/build/lidar' returned '0': CMAKE_PREFIX_PATH=/opt/ros/humble /usr/bin/cmake --build /home/user/aleena_ws/build/lidar -- -j4 -l4
[5.038s] Invoking command in '/home/user/aleena_ws/build/lidar': CMAKE_PREFIX_PATH=/opt/ros/humble /usr/bin/cmake --install /home/user/aleena_ws/build/lidar
[5.055s] -- Install configuration: ""
[5.055s] -- Installing: /home/user/aleena_ws/install/lidar/share/lidar/scripts
[5.055s] -- Installing: /home/user/aleena_ws/install/lidar/share/lidar/scripts/lidar.py
[5.067s] -- Installing: /home/user/aleena_ws/install/lidar/lib/lidar/lidar.py
[5.071s] -- Installing: /home/user/aleena_ws/install/lidar/share/ament_index/resource_index/package_run_dependencies/lidar
[5.072s] -- Installing: /home/user/aleena_ws/install/lidar/share/ament_index/resource_index/parent_prefix_path/lidar
[5.072s] -- Installing: /home/user/aleena_ws/install/lidar/share/lidar/environment/ament_prefix_path.sh
[5.072s] -- Installing: /home/user/aleena_ws/install/lidar/share/lidar/environment/ament_prefix_path.dsv
[5.072s] -- Installing: /home/user/aleena_ws/install/lidar/share/lidar/environment/path.sh
[5.072s] -- Installing: /home/user/aleena_ws/install/lidar/share/lidar/environment/path.dsv
[5.072s] -- Installing: /home/user/aleena_ws/install/lidar/share/lidar/local_setup.bash
[5.072s] -- Installing: /home/user/aleena_ws/install/lidar/share/lidar/local_setup.sh
[5.072s] -- Installing: /home/user/aleena_ws/install/lidar/share/lidar/local_setup.zsh
[5.073s] -- Installing: /home/user/aleena_ws/install/lidar/share/lidar/local_setup.dsv
[5.073s] -- Installing: /home/user/aleena_ws/install/lidar/share/lidar/package.dsv
[5.082s] -- Installing: /home/user/aleena_ws/install/lidar/share/ament_index/resource_index/packages/lidar
[5.083s] -- Installing: /home/user/aleena_ws/install/lidar/share/lidar/cmake/lidarConfig.cmake
[5.084s] -- Installing: /home/user/aleena_ws/install/lidar/share/lidar/cmake/lidarConfig-version.cmake
[5.084s] -- Installing: /home/user/aleena_ws/install/lidar/share/lidar/package.xml
[5.094s] Invoked command in '/home/user/aleena_ws/build/lidar' returned '0': CMAKE_PREFIX_PATH=/opt/ros/humble /usr/bin/cmake --install /home/user/aleena_ws/build/lidar
