[0.029s] Invoking command in '/home/user/aleena_ws/build/wheels': CMAKE_PREFIX_PATH=/opt/ros/humble /usr/bin/cmake /home/user/aleena_ws/src/wheels -DCMAKE_INSTALL_PREFIX=/home/user/aleena_ws/install/wheels
[0.367s] -- Found ament_cmake: 1.3.14 (/opt/ros/humble/share/ament_cmake/cmake)
[1.087s] -- Found Python3: /usr/bin/python3 (found version "3.10.12") found components: Interpreter 
[1.446s] -- Found rclcpp: 16.0.19 (/opt/ros/humble/share/rclcpp/cmake)
[1.870s] -- Found rosidl_generator_c: 3.1.8 (/opt/ros/humble/share/rosidl_generator_c/cmake)
[1.884s] -- Found rosidl_adapter: 3.1.8 (/opt/ros/humble/share/rosidl_adapter/cmake)
[1.907s] -- Found rosidl_generator_cpp: 3.1.8 (/opt/ros/humble/share/rosidl_generator_cpp/cmake)
[1.963s] -- Using all available rosidl_typesupport_c: rosidl_typesupport_fastrtps_c;rosidl_typesupport_introspection_c
[2.014s] -- Using all available rosidl_typesupport_cpp: rosidl_typesupport_fastrtps_cpp;rosidl_typesupport_introspection_cpp
[2.259s] -- Found rmw_implementation_cmake: 6.1.2 (/opt/ros/humble/share/rmw_implementation_cmake/cmake)
[2.282s] -- Found rmw_fastrtps_cpp: 6.2.10 (/opt/ros/humble/share/rmw_fastrtps_cpp/cmake)
[2.961s] -- Found OpenSSL: /usr/lib/x86_64-linux-gnu/libcrypto.so (found version "3.0.2")  
[3.113s] -- Found FastRTPS: /opt/ros/humble/include  
[3.183s] -- Using RMW implementation 'rmw_fastrtps_cpp' as default
[3.307s] -- Looking for pthread.h
[3.874s] -- Looking for pthread.h - found
[3.875s] -- Performing Test CMAKE_HAVE_LIBC_PTHREAD
[4.109s] -- Performing Test CMAKE_HAVE_LIBC_PTHREAD - Success
[4.112s] -- Found Threads: TRUE  
[4.285s] -- Found sensor_msgs: 4.9.1 (/opt/ros/humble/share/sensor_msgs/cmake)
[4.409s] -- Found cv_bridge: 3.2.1 (/opt/ros/humble/share/cv_bridge/cmake)
[4.566s] -- Found ament_lint_auto: 0.12.15 (/opt/ros/humble/share/ament_lint_auto/cmake)
[4.859s] -- Added test 'flake8' to check Python code syntax and style conventions
[4.870s] -- Added test 'lint_cmake' to check CMake code style
[4.871s] -- Added test 'pep257' to check Python code against some of the docstring style conventions in PEP 257
[4.873s] -- Added test 'xmllint' to check XML markup files
[4.881s] -- Configuring done
[4.907s] -- Generating done
[4.915s] -- Build files have been written to: /home/user/aleena_ws/build/wheels
[4.945s] Invoked command in '/home/user/aleena_ws/build/wheels' returned '0': CMAKE_PREFIX_PATH=/opt/ros/humble /usr/bin/cmake /home/user/aleena_ws/src/wheels -DCMAKE_INSTALL_PREFIX=/home/user/aleena_ws/install/wheels
[4.947s] Invoking command in '/home/user/aleena_ws/build/wheels': CMAKE_PREFIX_PATH=/opt/ros/humble /usr/bin/cmake --build /home/user/aleena_ws/build/wheels -- -j4 -l4
[5.040s] Invoked command in '/home/user/aleena_ws/build/wheels' returned '0': CMAKE_PREFIX_PATH=/opt/ros/humble /usr/bin/cmake --build /home/user/aleena_ws/build/wheels -- -j4 -l4
[5.044s] Invoking command in '/home/user/aleena_ws/build/wheels': CMAKE_PREFIX_PATH=/opt/ros/humble /usr/bin/cmake --install /home/user/aleena_ws/build/wheels
[5.062s] -- Install configuration: ""
[5.062s] -- Installing: /home/user/aleena_ws/install/wheels/share/wheels/scripts
[5.065s] -- Installing: /home/user/aleena_ws/install/wheels/share/wheels/scripts/wheels.py
[5.073s] -- Installing: /home/user/aleena_ws/install/wheels/lib/wheels/wheels.py
[5.076s] -- Installing: /home/user/aleena_ws/install/wheels/share/ament_index/resource_index/package_run_dependencies/wheels
[5.076s] -- Installing: /home/user/aleena_ws/install/wheels/share/ament_index/resource_index/parent_prefix_path/wheels
[5.076s] -- Installing: /home/user/aleena_ws/install/wheels/share/wheels/environment/ament_prefix_path.sh
[5.080s] -- Installing: /home/user/aleena_ws/install/wheels/share/wheels/environment/ament_prefix_path.dsv
[5.081s] -- Installing: /home/user/aleena_ws/install/wheels/share/wheels/environment/path.sh
[5.082s] -- Installing: /home/user/aleena_ws/install/wheels/share/wheels/environment/path.dsv
[5.082s] -- Installing: /home/user/aleena_ws/install/wheels/share/wheels/local_setup.bash
[5.083s] -- Installing: /home/user/aleena_ws/install/wheels/share/wheels/local_setup.sh
[5.083s] -- Installing: /home/user/aleena_ws/install/wheels/share/wheels/local_setup.zsh
[5.084s] -- Installing: /home/user/aleena_ws/install/wheels/share/wheels/local_setup.dsv
[5.084s] -- Installing: /home/user/aleena_ws/install/wheels/share/wheels/package.dsv
[5.084s] -- Installing: /home/user/aleena_ws/install/wheels/share/ament_index/resource_index/packages/wheels
[5.085s] -- Installing: /home/user/aleena_ws/install/wheels/share/wheels/cmake/wheelsConfig.cmake
[5.085s] -- Installing: /home/user/aleena_ws/install/wheels/share/wheels/cmake/wheelsConfig-version.cmake
[5.086s] -- Installing: /home/user/aleena_ws/install/wheels/share/wheels/package.xml
[5.161s] Invoked command in '/home/user/aleena_ws/build/wheels' returned '0': CMAKE_PREFIX_PATH=/opt/ros/humble /usr/bin/cmake --install /home/user/aleena_ws/build/wheels
